Spock not found

0.00ENC

0 101.50ENC DEPOSIT

0 -1.50ENC WITHDRAWAL

0 -100.00ENC TRANSFER () FROM: En-0000001 TO: En-0000002

 

ACCOUNT: En-0000002

balance: 49.46ENC

history: 

0 100.00ENC TRANSFER () FROM: En-0000001 TO: En-0000002

0 -49.99ENC TRANSFER (for binarius) FROM: En-0000002 TO: Ra-0000003

0 -1.00ENC CHARGE

30 2.45ENC INTEREST

30 -2.00ENC CHARGE

 

ACCOUNT: Ra-0000003

balance: 46.49DIL

history: 

0 49.99ENC TRANSFER (for binarius) FROM: En-0000002 TO: Ra-0000003

31 -1.00DIL WITHDRAWAL

31 -1.00ENC WITHDRAWAL

31 -1.00ENC WITHDRAWAL

31 -1.00DIL WITHDRAWAL

 

Account not found
